<?xml version="1.0" encoding="UTF-8"?>
<testng-results ignored="0" total="1" passed="1" failed="0" skipped="0">
  <reporter-output>
  </reporter-output>
  <suite started-at="2023-03-22T15:55:43 IST" name="Default suite" finished-at="2023-03-22T15:55:47 IST" duration-ms="3537">
    <groups>
    </groups>
    <test started-at="2023-03-22T15:55:43 IST" name="Default test" finished-at="2023-03-22T15:55:47 IST" duration-ms="3537">
      <class name="EXcel">
        <test-method signature="DataCompareTest()[pri:0, instance:EXcel@7205765b]" started-at="2023-03-22T15:55:43 IST" name="DataCompareTest" finished-at="2023-03-22T15:55:47 IST" duration-ms="3484" status="PASS">
          <reporter-output>
          </reporter-output>
        </test-method> <!-- DataCompareTest -->
      </class> <!-- EXcel -->
    </test> <!-- Default test -->
  </suite> <!-- Default suite -->
</testng-results>
