<?xml version="1.0" encoding="UTF-8"?>
<!-- Generated by org.testng.reporters.JUnitXMLReporter -->
<testsuite ignored="4" hostname="QT-INBG-LT0847" failures="0" tests="1" name="Default test" time="8.155" errors="0" timestamp="2023-02-13T20:06:28 IST">
  <testcase classname="rest.NonBdd" name="postFile" time="8.086"/>
  <testcase classname="rest.NonBdd" name="delReqBdd" time="0.0">
    <ignored/>
  </testcase> <!-- delReqBdd -->
  <testcase classname="rest.NonBdd" name="getReqBdd" time="0.0">
    <ignored/>
  </testcase> <!-- getReqBdd -->
  <testcase classname="rest.NonBdd" name="putReqBdd" time="0.0">
    <ignored/>
  </testcase> <!-- putReqBdd -->
  <testcase classname="rest.NonBdd" name="postReqBdd" time="0.0">
    <ignored/>
  </testcase> <!-- postReqBdd -->
</testsuite> <!-- Default test -->
